D:\大二下学期\人工智能导论\AI_PROJECT_2014\COMPETE\COMPETE\DEBUG\COMPETE.OBJ
D:\大二下学期\人工智能导论\AI_PROJECT_2014\COMPETE\COMPETE\DEBUG\JUDGE.OBJ
D:\大二下学期\人工智能导论\AI_PROJECT_2014\COMPETE\COMPETE\DEBUG\MAIN.OBJ
D:\大二下学期\人工智能导论\AI_PROJECT_2014\COMPETE\COMPETE\DEBUG\VC110.PDB
C:\Users\Administrator\Desktop\work\人工智能导论\big\AI_project_2014\Compete\Compete\Debug\Compete.obj
C:\Users\Administrator\Desktop\work\人工智能导论\big\AI_project_2014\Compete\Compete\Debug\Judge.obj
C:\Users\Administrator\Desktop\work\人工智能导论\big\AI_project_2014\Compete\Compete\Debug\main.obj
C:\Users\Administrator\Desktop\work\人工智能导论\big\AI_project_2014\Compete\Compete\Debug\cl.command.1.tlog
C:\Users\Administrator\Desktop\work\人工智能导论\big\AI_project_2014\Compete\Compete\Debug\CL.read.1.tlog
C:\Users\Administrator\Desktop\work\人工智能导论\big\AI_project_2014\Compete\Compete\Debug\CL.write.1.tlog
C:\Users\Administrator\Desktop\work\人工智能导论\big\AI_project_2014\Compete\Compete\Debug\link-cvtres.read.1.tlog
C:\Users\Administrator\Desktop\work\人工智能导论\big\AI_project_2014\Compete\Compete\Debug\link-cvtres.write.1.tlog
C:\Users\Administrator\Desktop\work\人工智能导论\big\AI_project_2014\Compete\Compete\Debug\link-rc.read.1.tlog
C:\Users\Administrator\Desktop\work\人工智能导论\big\AI_project_2014\Compete\Compete\Debug\link-rc.write.1.tlog
C:\Users\Administrator\Desktop\work\人工智能导论\big\AI_project_2014\Compete\Compete\Debug\link.command.1.tlog
C:\Users\Administrator\Desktop\work\人工智能导论\big\AI_project_2014\Compete\Compete\Debug\link.read.1.tlog
C:\Users\Administrator\Desktop\work\人工智能导论\big\AI_project_2014\Compete\Compete\Debug\link.write.1.tlog
C:\Users\Administrator\Desktop\work\人工智能导论\big\AI_project_2014\Compete\Compete\Debug\Compete.exe.embed.manifest
C:\Users\Administrator\Desktop\work\人工智能导论\big\AI_project_2014\Compete\Compete\Debug\Compete.exe.intermediate.manifest
C:\Users\Administrator\Desktop\work\人工智能导论\big\AI_project_2014\Compete\Compete\Debug\Compete.exe.embed.manifest.res
C:\Users\Administrator\Desktop\work\人工智能导论\big\AI_project_2014\Compete\Compete\Debug\vc110.idb
C:\Users\Administrator\Desktop\work\人工智能导论\big\AI_project_2014\Compete\Compete\Debug\vc90.idb
C:\Users\Administrator\Desktop\work\人工智能导论\big\AI_project_2014\Compete\Compete\Debug\vc110.pdb
C:\Users\Administrator\Desktop\work\人工智能导论\big\AI_project_2014\Compete\Compete\Debug\vc90.pdb
