C:\USERS\ADMINISTRATOR\DESKTOP\WORK\人工智能导论\BIG\AI_PROJECT_2014\CONNECT4\STRATEGY\DEBUG\JUDGE.OBJ
C:\USERS\ADMINISTRATOR\DESKTOP\WORK\人工智能导论\BIG\AI_PROJECT_2014\CONNECT4\STRATEGY\DEBUG\STRATEGY.OBJ
C:\USERS\ADMINISTRATOR\DESKTOP\WORK\人工智能导论\BIG\AI_PROJECT_2014\CONNECT4\STRATEGY\DEBUG\VC110.PDB
C:\USERS\ADMINISTRATOR\DESKTOP\WORK\人工智能导论\BIG\AI_PROJECT_2014\CONNECT4\STRATEGY\DEBUG\STRATEGY.ILK
C:\USERS\ADMINISTRATOR\DESKTOP\WORK\人工智能导论\BIG\AI_PROJECT_2014\CONNECT4\STRATEGY\DEBUG\STRATEGY.DLL
C:\USERS\ADMINISTRATOR\DESKTOP\WORK\人工智能导论\BIG\AI_PROJECT_2014\CONNECT4\STRATEGY\DEBUG\STRATEGY.PDB
䍞尺獕牥屳摁業楮瑳慲潴屲敄歳潴屰潷歲몺럥몙菨벯껨岺楢屧䥁灟潲敪瑣㉟㄰尴潃湮捥㑴卜牴瑡来屹瑓慲整祧瘮硣牰橯਍㩃啜敳獲䅜浤湩獩牴瑡牯䑜獥瑫灯睜牯屫뫤ꖷ駦붃꿥몮扜杩䅜彉牰橯捥彴〲㐱䍜湯敮瑣尴瑓慲整祧䑜扥杵卜牴瑡来⹹楬ൢ䌊尺獕牥屳摁業楮瑳慲潴屲敄歳潴屰潷歲몺럥몙菨벯껨岺楢屧䥁灟潲敪瑣㉟㄰尴潃湮捥㑴卜牴瑡来屹敄畢屧瑓慲整祧氮扩਍㩃啜敳獲䅜浤湩獩牴瑡牯䑜獥瑫灯睜牯屫뫤ꖷ駦붃꿥몮扜杩䅜彉牰橯捥彴〲㐱䍜湯敮瑣尴瑓慲整祧䑜扥杵卜牴瑡来⹹硥൰䌊尺獕牥屳摁業楮瑳慲潴屲敄歳潴屰潷歲몺럥몙菨벯껨岺楢屧䥁灟潲敪瑣㉟㄰尴潃湮捥㑴卜牴瑡来屹敄畢屧瑓慲整祧攮灸਍
C:\Users\Administrator\Desktop\work\人工智能导论\big\AI_project_2014\Connect4\Strategy\Debug\Judge.obj
C:\Users\Administrator\Desktop\work\人工智能导论\big\AI_project_2014\Connect4\Strategy\Debug\Strategy.obj
C:\Users\Administrator\Desktop\work\人工智能导论\big\AI_project_2014\Connect4\Strategy\Debug\Strategy.ilk
C:\Users\Administrator\Desktop\work\人工智能导论\big\AI_project_2014\Connect4\Strategy\Debug\cl.command.1.tlog
C:\Users\Administrator\Desktop\work\人工智能导论\big\AI_project_2014\Connect4\Strategy\Debug\CL.read.1.tlog
C:\Users\Administrator\Desktop\work\人工智能导论\big\AI_project_2014\Connect4\Strategy\Debug\CL.write.1.tlog
C:\Users\Administrator\Desktop\work\人工智能导论\big\AI_project_2014\Connect4\Strategy\Debug\link-cvtres.read.1.tlog
C:\Users\Administrator\Desktop\work\人工智能导论\big\AI_project_2014\Connect4\Strategy\Debug\link-cvtres.write.1.tlog
C:\Users\Administrator\Desktop\work\人工智能导论\big\AI_project_2014\Connect4\Strategy\Debug\link-rc.read.1.tlog
C:\Users\Administrator\Desktop\work\人工智能导论\big\AI_project_2014\Connect4\Strategy\Debug\link-rc.write.1.tlog
C:\Users\Administrator\Desktop\work\人工智能导论\big\AI_project_2014\Connect4\Strategy\Debug\link.command.1.tlog
C:\Users\Administrator\Desktop\work\人工智能导论\big\AI_project_2014\Connect4\Strategy\Debug\link.read.1.tlog
C:\Users\Administrator\Desktop\work\人工智能导论\big\AI_project_2014\Connect4\Strategy\Debug\link.write.1.tlog
C:\Users\Administrator\Desktop\work\人工智能导论\big\AI_project_2014\Connect4\Strategy\Debug\Strategy.write.1.tlog
C:\Users\Administrator\Desktop\work\人工智能导论\big\AI_project_2014\Connect4\Strategy\Debug\Strategy.exp
C:\Users\Administrator\Desktop\work\人工智能导论\big\AI_project_2014\Connect4\Strategy\Debug\vc110.idb
C:\Users\Administrator\Desktop\work\人工智能导论\big\AI_project_2014\Connect4\Strategy\Debug\Strategy.pdb
C:\Users\Administrator\Desktop\work\人工智能导论\big\AI_project_2014\Connect4\Strategy\Debug\vc110.pdb
C:\Users\Administrator\Desktop\work\人工智能导论\big\AI_project_2014\Connect4\Strategy\Debug\Strategy.dll
